\BOOKMARK [1][-]{section.1}{Introduction}{}% 1
\BOOKMARK [1][-]{section.2}{Motivation}{}% 2
\BOOKMARK [1][-]{section.3}{Kinematics}{}% 3
\BOOKMARK [2][-]{subsection.3.1}{The Dalitz Decay}{section.3}% 4
\BOOKMARK [2][-]{subsection.3.2}{Form Factor}{section.3}% 5
\BOOKMARK [2][-]{subsection.3.3}{Photon Conversion to \040e+e- Pairs}{section.3}% 6
\BOOKMARK [2][-]{subsection.3.4}{Summary}{section.3}% 7
\BOOKMARK [1][-]{section.4}{Measurement}{}% 8
\BOOKMARK [2][-]{subsection.4.1}{Previous CLAS analyses}{section.4}% 9
\BOOKMARK [2][-]{subsection.4.2}{Simulating and Reconstruction}{section.4}% 10
\BOOKMARK [2][-]{subsection.4.3}{Lepton Acceptance}{section.4}% 11
\BOOKMARK [2][-]{subsection.4.4}{Calculating Expected Yield}{section.4}% 12
\BOOKMARK [3][-]{subsubsection.4.4.1}{Calculating Photon Flux}{subsection.4.4}% 13
\BOOKMARK [3][-]{subsubsection.4.4.2}{Calculating Yield}{subsection.4.4}% 14
\BOOKMARK [2][-]{subsection.4.5}{Realistic Yield}{section.4}% 15
\BOOKMARK [1][-]{section.5}{Manpower}{}% 16
\BOOKMARK [1][-]{section.6}{Beam Time Request}{}% 17
\BOOKMARK [1][-]{section*.17}{BIBLIOGRAPHY}{}% 18
\BOOKMARK [1][-]{section*.17}{APPENDICES}{}% 19
\BOOKMARK [1][-]{section*.18}{Appendices}{}% 20
\BOOKMARK [1][-]{Appendix.a.A}{Decay Kinematics}{}% 21
\BOOKMARK [2][-]{subsection.a.A.1}{ Decay}{Appendix.a.A}% 22
\BOOKMARK [3][-]{subsubsection.a.A.1.1}{Squared Matrix Element}{subsection.a.A.1}% 23
\BOOKMARK [3][-]{subsubsection.a.A.1.2}{Decay rate}{subsection.a.A.1}% 24
\BOOKMARK [2][-]{subsection.a.A.2}{ Decay}{Appendix.a.A}% 25
\BOOKMARK [3][-]{subsubsection.a.A.2.1}{Decay rate}{subsection.a.A.2}% 26
\BOOKMARK [2][-]{subsection.a.A.3}{ Dalitz Decay}{Appendix.a.A}% 27
\BOOKMARK [3][-]{subsubsection.a.A.3.1}{Squared Matrix Element}{subsection.a.A.3}% 28
\BOOKMARK [3][-]{subsubsection.a.A.3.2}{Decay rate}{subsection.a.A.3}% 29
\BOOKMARK [2][-]{subsection.a.A.4}{ Dalitz Decay}{Appendix.a.A}% 30
\BOOKMARK [3][-]{subsubsection.a.A.4.1}{Decay rate}{subsection.a.A.4}% 31
\BOOKMARK [1][-]{Appendix.a.B}{Tabular Rates}{}% 32
