\BOOKMARK [1][-]{section.1}{Introduction}{}% 1
\BOOKMARK [2][-]{subsection.1.1}{Motivation}{section.1}% 2
\BOOKMARK [2][-]{subsection.1.2}{History}{section.1}% 3
\BOOKMARK [2][-]{subsection.1.3}{Proposal}{section.1}% 4
\BOOKMARK [1][-]{section.2}{Kinematics}{}% 5
\BOOKMARK [2][-]{subsection.2.1}{The Dalitz Decay}{section.2}% 6
\BOOKMARK [2][-]{subsection.2.2}{Form Factor}{section.2}% 7
\BOOKMARK [2][-]{subsection.2.3}{Photon Conversion to \040e+e- Pairs}{section.2}% 8
\BOOKMARK [2][-]{subsection.2.4}{Summary}{section.2}% 9
\BOOKMARK [1][-]{section.3}{Measurement}{}% 10
\BOOKMARK [2][-]{subsection.3.1}{Simulation and Reconstruction}{section.3}% 11
\BOOKMARK [3][-]{subsubsection.3.1.1}{Trigger Requirements}{subsection.3.1}% 12
\BOOKMARK [3][-]{subsubsection.3.1.2}{Detection of \040e+e- Events}{subsection.3.1}% 13
\BOOKMARK [3][-]{subsubsection.3.1.3}{Particle Identification}{subsection.3.1}% 14
\BOOKMARK [3][-]{subsubsection.3.1.4}{Acceptance}{subsection.3.1}% 15
\BOOKMARK [2][-]{subsection.3.2}{Calculating Expected Yield}{section.3}% 16
\BOOKMARK [3][-]{subsubsection.3.2.1}{Calculating Photon Flux}{subsection.3.2}% 17
\BOOKMARK [3][-]{subsubsection.3.2.2}{Expected Results}{subsection.3.2}% 18
\BOOKMARK [2][-]{subsection.3.3}{Realistic Yield}{section.3}% 19
\BOOKMARK [2][-]{subsection.3.4}{Acceptance at 100\045 Torus field}{section.3}% 20
\BOOKMARK [2][-]{subsection.3.5}{Expected Systematic Uncertainties}{section.3}% 21
\BOOKMARK [1][-]{section.4}{Manpower}{}% 22
\BOOKMARK [1][-]{section.5}{Beam Time Request}{}% 23
\BOOKMARK [1][-]{section*.17}{BIBLIOGRAPHY}{}% 24
\BOOKMARK [1][-]{section*.17}{APPENDICES}{}% 25
\BOOKMARK [1][-]{section*.18}{Appendices}{}% 26
\BOOKMARK [1][-]{Appendix.a.A}{Decay Kinematics}{}% 27
\BOOKMARK [2][-]{subsection.a.A.1}{ Decay}{Appendix.a.A}% 28
\BOOKMARK [3][-]{subsubsection.a.A.1.1}{Squared Matrix Element}{subsection.a.A.1}% 29
\BOOKMARK [3][-]{subsubsection.a.A.1.2}{Decay rate}{subsection.a.A.1}% 30
\BOOKMARK [2][-]{subsection.a.A.2}{ Decay}{Appendix.a.A}% 31
\BOOKMARK [3][-]{subsubsection.a.A.2.1}{Decay rate}{subsection.a.A.2}% 32
\BOOKMARK [2][-]{subsection.a.A.3}{ Dalitz Decay}{Appendix.a.A}% 33
\BOOKMARK [3][-]{subsubsection.a.A.3.1}{Squared Matrix Element}{subsection.a.A.3}% 34
\BOOKMARK [3][-]{subsubsection.a.A.3.2}{Decay rate}{subsection.a.A.3}% 35
\BOOKMARK [2][-]{subsection.a.A.4}{ Dalitz Decay}{Appendix.a.A}% 36
\BOOKMARK [3][-]{subsubsection.a.A.4.1}{Decay rate}{subsection.a.A.4}% 37
\BOOKMARK [1][-]{Appendix.a.B}{Tabular Rates}{}% 38
